<?xml version="1.0" encoding="UTF-8"?>
<!-- Generated by org.testng.reporters.JUnitReportReporter -->
<testsuite hostname="SHP" failures="0" tests="1" name="com.shubha.LoginPageTestCase" time="29.450" errors="0" timestamp="2021-12-11T18:36:29 IST" skipped="0">
  <testcase classname="com.shubha.LoginPageTestCase" name="loginTest" time="29.450"/>
  <system-out/>
</testsuite> <!-- com.shubha.LoginPageTestCase -->
