<?xml version="1.0" encoding="UTF-8"?>
<!-- Generated by org.testng.reporters.JUnitReportReporter -->
<testsuite hostname="SHP" failures="0" tests="2" name="com.shubha.Parameterizecode" time="4.121" errors="0" timestamp="2021-12-11T18:41:04 IST" skipped="0">
  <testcase classname="com.shubha.Parameterizecode" name="logoTest" time="2.100"/>
  <system-out/>
  <testcase classname="com.shubha.Parameterizecode" name="homepageTiltle" time="2.021"/>
  <system-out/>
</testsuite> <!-- com.shubha.Parameterizecode -->
