<?xml version="1.0" encoding="UTF-8"?>
<!-- Generated by org.testng.reporters.JUnitReportReporter -->
<testsuite hostname="SHP" failures="0" tests="3" name="com.shubha.DataProviderMethod" time="0.014" errors="0" timestamp="2021-12-11T19:21:39 IST" skipped="0">
  <testcase classname="com.shubha.DataProviderMethod" name="loginCheck" time="0.009"/>
  <system-out/>
  <testcase classname="com.shubha.DataProviderMethod" name="loginCheck" time="0.002"/>
  <system-out/>
  <testcase classname="com.shubha.DataProviderMethod" name="loginCheck" time="0.003"/>
  <system-out/>
</testsuite> <!-- com.shubha.DataProviderMethod -->
