<?xml version="1.0" encoding="UTF-8"?>
<!-- Generated by org.testng.reporters.JUnitReportReporter -->
<testsuite hostname="SHP" failures="0" tests="1" name="com.shubha.LoginPageTestCase" time="20.252" errors="0" timestamp="2021-12-11T14:06:30 IST" skipped="0">
  <testcase classname="com.shubha.LoginPageTestCase" name="loginTest" time="20.252"/>
  <system-out/>
</testsuite> <!-- com.shubha.LoginPageTestCase -->
