<?xml version="1.0" encoding="UTF-8"?>
<!-- Generated by org.testng.reporters.JUnitReportReporter -->
<testsuite hostname="SHP" failures="0" tests="2" name="com.shubha.LoginPageTest" time="0.016" errors="0" timestamp="2021-12-11T14:06:30 IST" skipped="0">
  <testcase classname="com.shubha.LoginPageTest" name="testLogin2" time="0.001"/>
  <system-out/>
  <testcase classname="com.shubha.LoginPageTest" name="testLogin1" time="0.015"/>
  <system-out/>
</testsuite> <!-- com.shubha.LoginPageTest -->
